<?xml version="1.0" encoding="UTF-8"?>
<coverage generated="1622943067222" clover="3.2.0">
  <project timestamp="1622943067222" name="All files">
    <metrics statements="33" coveredstatements="32" conditionals="4" coveredconditionals="4" methods="15" coveredmethods="14" elements="52" coveredelements="50" complexity="0" loc="33" ncloc="33" packages="1" files="7" classes="7"/>
    <file name="anagram.js" path="/home/yunusfirat44/code/yunusfirat/JavaScript/Studying_Jest/anagram.js">
      <metrics statements="3" coveredstatements="3" conditionals="0" coveredconditionals="0" methods="2" coveredmethods="2"/>
      <line num="2" count="2" type="stmt"/>
      <line num="7" count="4" type="stmt"/>
      <line num="16" count="1" type="stmt"/>
    </file>
    <file name="chunk.js" path="/home/yunusfirat44/code/yunusfirat/JavaScript/Studying_Jest/chunk.js">
      <metrics statements="9" coveredstatements="9" conditionals="4" coveredconditionals="4" methods="2" coveredmethods="2"/>
      <line num="1" count="1" type="stmt"/>
      <line num="2" count="1" type="stmt"/>
      <line num="4" count="1" type="stmt"/>
      <line num="6" count="10" type="stmt"/>
      <line num="9" count="10" type="cond" truecount="4" falsecount="0"/>
      <line num="10" count="5" type="stmt"/>
      <line num="12" count="5" type="stmt"/>
      <line num="16" count="1" type="stmt"/>
      <line num="21" count="1" type="stmt"/>
    </file>
    <file name="cloneArray.js" path="/home/yunusfirat44/code/yunusfirat/JavaScript/Studying_Jest/cloneArray.js">
      <metrics statements="2" coveredstatements="2" conditionals="0" coveredconditionals="0" methods="1" coveredmethods="1"/>
      <line num="2" count="1" type="stmt"/>
      <line num="5" count="1" type="stmt"/>
    </file>
    <file name="functions.js" path="/home/yunusfirat44/code/yunusfirat/JavaScript/Studying_Jest/functions.js">
      <metrics statements="12" coveredstatements="11" conditionals="0" coveredconditionals="0" methods="7" coveredmethods="6"/>
      <line num="1" count="1" type="stmt"/>
      <line num="3" count="1" type="stmt"/>
      <line num="4" count="1" type="stmt"/>
      <line num="5" count="1" type="stmt"/>
      <line num="6" count="1" type="stmt"/>
      <line num="8" count="1" type="stmt"/>
      <line num="9" count="1" type="stmt"/>
      <line num="10" count="1" type="stmt"/>
      <line num="12" count="2" type="stmt"/>
      <line num="14" count="2" type="stmt"/>
      <line num="15" count="0" type="stmt"/>
      <line num="19" count="1" type="stmt"/>
    </file>
    <file name="reversestring.js" path="/home/yunusfirat44/code/yunusfirat/JavaScript/Studying_Jest/reversestring.js">
      <metrics statements="3" coveredstatements="3" conditionals="0" coveredconditionals="0" methods="1" coveredmethods="1"/>
      <line num="1" count="1" type="stmt"/>
      <line num="2" count="1" type="stmt"/>
      <line num="8" count="1" type="stmt"/>
    </file>
    <file name="subtract.js" path="/home/yunusfirat44/code/yunusfirat/JavaScript/Studying_Jest/subtract.js">
      <metrics statements="2" coveredstatements="2" conditionals="0" coveredconditionals="0" methods="1" coveredmethods="1"/>
      <line num="2" count="1" type="stmt"/>
      <line num="5" count="1" type="stmt"/>
    </file>
    <file name="sum.js" path="/home/yunusfirat44/code/yunusfirat/JavaScript/Studying_Jest/sum.js">
      <metrics statements="2" coveredstatements="2" conditionals="0" coveredconditionals="0" methods="1" coveredmethods="1"/>
      <line num="2" count="1" type="stmt"/>
      <line num="5" count="1" type="stmt"/>
    </file>
  </project>
</coverage>
