{"/home/yunusfirat44/code/yunusfirat/JavaScript/Studying_Jest/chunk.js": {"path":"/home/yunusfirat44/code/yunusfirat/JavaScript/Studying_Jest/chunk.js","statementMap":{"0":{"start":{"line":1,"column":19},"end":{"line":1,"column":21}},"1":{"start":{"line":2,"column":14},"end":{"line":17,"column":3}},"2":{"start":{"line":4,"column":4},"end":{"line":14,"column":7}},"3":{"start":{"line":6,"column":19},"end":{"line":6,"column":52}},"4":{"start":{"line":9,"column":6},"end":{"line":13,"column":7}},"5":{"start":{"line":10,"column":8},"end":{"line":10,"column":31}},"6":{"start":{"line":12,"column":8},"end":{"line":12,"column":23}},"7":{"start":{"line":16,"column":4},"end":{"line":16,"column":22}},"8":{"start":{"line":21,"column":0},"end":{"line":21,"column":23}}},"fnMap":{"0":{"name":"(anonymous_0)","decl":{"start":{"line":2,"column":14},"end":{"line":2,"column":15}},"loc":{"start":{"line":2,"column":28},"end":{"line":17,"column":3}},"line":2},"1":{"name":"(anonymous_1)","decl":{"start":{"line":4,"column":16},"end":{"line":4,"column":17}},"loc":{"start":{"line":4,"column":23},"end":{"line":14,"column":5}},"line":4}},"branchMap":{"0":{"loc":{"start":{"line":9,"column":6},"end":{"line":13,"column":7}},"type":"if","locations":[{"start":{"line":9,"column":6},"end":{"line":13,"column":7}},{"start":{"line":9,"column":6},"end":{"line":13,"column":7}}],"line":9},"1":{"loc":{"start":{"line":9,"column":10},"end":{"line":9,"column":38}},"type":"binary-expr","locations":[{"start":{"line":9,"column":10},"end":{"line":9,"column":15}},{"start":{"line":9,"column":19},"end":{"line":9,"column":38}}],"line":9}},"s":{"0":1,"1":1,"2":1,"3":10,"4":10,"5":5,"6":5,"7":1,"8":1},"f":{"0":1,"1":10},"b":{"0":[5,5],"1":[10,9]},"_coverageSchema":"1a1c01bbd47fc00a2c39e90264f33305004495a9","hash":"1867b67026bba6d853d3f3c57efe943967f28f48"}
,"/home/yunusfirat44/code/yunusfirat/JavaScript/Studying_Jest/cloneArray.js": {"path":"/home/yunusfirat44/code/yunusfirat/JavaScript/Studying_Jest/cloneArray.js","statementMap":{"0":{"start":{"line":2,"column":4},"end":{"line":2,"column":21}},"1":{"start":{"line":5,"column":0},"end":{"line":5,"column":28}}},"fnMap":{"0":{"name":"cloneArray","decl":{"start":{"line":1,"column":9},"end":{"line":1,"column":19}},"loc":{"start":{"line":1,"column":26},"end":{"line":3,"column":1}},"line":1}},"branchMap":{},"s":{"0":1,"1":1},"f":{"0":1},"b":{},"_coverageSchema":"1a1c01bbd47fc00a2c39e90264f33305004495a9","hash":"3e23efaf45c96f9208411638daf2be99f217180a"}
,"/home/yunusfirat44/code/yunusfirat/JavaScript/Studying_Jest/functions.js": {"path":"/home/yunusfirat44/code/yunusfirat/JavaScript/Studying_Jest/functions.js","statementMap":{"0":{"start":{"line":1,"column":27},"end":{"line":1,"column":43}},"1":{"start":{"line":3,"column":18},"end":{"line":17,"column":1}},"2":{"start":{"line":4,"column":25},"end":{"line":4,"column":36}},"3":{"start":{"line":5,"column":18},"end":{"line":5,"column":22}},"4":{"start":{"line":6,"column":23},"end":{"line":6,"column":24}},"5":{"start":{"line":8,"column":21},"end":{"line":8,"column":43}},"6":{"start":{"line":9,"column":8},"end":{"line":9,"column":34}},"7":{"start":{"line":10,"column":8},"end":{"line":10,"column":20}},"8":{"start":{"line":12,"column":21},"end":{"line":15,"column":32}},"9":{"start":{"line":14,"column":21},"end":{"line":14,"column":29}},"10":{"start":{"line":15,"column":24},"end":{"line":15,"column":31}},"11":{"start":{"line":19,"column":0},"end":{"line":19,"column":26}}},"fnMap":{"0":{"name":"(anonymous_0)","decl":{"start":{"line":4,"column":9},"end":{"line":4,"column":10}},"loc":{"start":{"line":4,"column":25},"end":{"line":4,"column":36}},"line":4},"1":{"name":"(anonymous_1)","decl":{"start":{"line":5,"column":12},"end":{"line":5,"column":13}},"loc":{"start":{"line":5,"column":18},"end":{"line":5,"column":22}},"line":5},"2":{"name":"(anonymous_2)","decl":{"start":{"line":6,"column":16},"end":{"line":6,"column":17}},"loc":{"start":{"line":6,"column":23},"end":{"line":6,"column":24}},"line":6},"3":{"name":"(anonymous_3)","decl":{"start":{"line":7,"column":17},"end":{"line":7,"column":18}},"loc":{"start":{"line":7,"column":23},"end":{"line":11,"column":5}},"line":7},"4":{"name":"(anonymous_4)","decl":{"start":{"line":12,"column":15},"end":{"line":12,"column":16}},"loc":{"start":{"line":12,"column":21},"end":{"line":15,"column":32}},"line":12},"5":{"name":"(anonymous_5)","decl":{"start":{"line":14,"column":14},"end":{"line":14,"column":15}},"loc":{"start":{"line":14,"column":21},"end":{"line":14,"column":29}},"line":14},"6":{"name":"(anonymous_6)","decl":{"start":{"line":15,"column":15},"end":{"line":15,"column":16}},"loc":{"start":{"line":15,"column":24},"end":{"line":15,"column":31}},"line":15}},"branchMap":{},"s":{"0":1,"1":1,"2":1,"3":1,"4":1,"5":1,"6":1,"7":1,"8":2,"9":2,"10":0,"11":1},"f":{"0":1,"1":1,"2":1,"3":1,"4":2,"5":2,"6":0},"b":{},"_coverageSchema":"1a1c01bbd47fc00a2c39e90264f33305004495a9","hash":"e4bab3f3350cb814949b6dcfa4a8af2cdc9ab7b4"}
,"/home/yunusfirat44/code/yunusfirat/JavaScript/Studying_Jest/reversestring.js": {"path":"/home/yunusfirat44/code/yunusfirat/JavaScript/Studying_Jest/reversestring.js","statementMap":{"0":{"start":{"line":1,"column":22},"end":{"line":6,"column":1}},"1":{"start":{"line":2,"column":3},"end":{"line":5,"column":13}},"2":{"start":{"line":8,"column":0},"end":{"line":8,"column":31}}},"fnMap":{"0":{"name":"(anonymous_0)","decl":{"start":{"line":1,"column":22},"end":{"line":1,"column":23}},"loc":{"start":{"line":1,"column":31},"end":{"line":6,"column":1}},"line":1}},"branchMap":{},"s":{"0":1,"1":1,"2":1},"f":{"0":1},"b":{},"_coverageSchema":"1a1c01bbd47fc00a2c39e90264f33305004495a9","hash":"9225b53b0d57141b605b9342beba067dbafb76e4"}
,"/home/yunusfirat44/code/yunusfirat/JavaScript/Studying_Jest/subtract.js": {"path":"/home/yunusfirat44/code/yunusfirat/JavaScript/Studying_Jest/subtract.js","statementMap":{"0":{"start":{"line":2,"column":4},"end":{"line":2,"column":16}},"1":{"start":{"line":5,"column":0},"end":{"line":5,"column":26}}},"fnMap":{"0":{"name":"subtract","decl":{"start":{"line":1,"column":9},"end":{"line":1,"column":17}},"loc":{"start":{"line":1,"column":22},"end":{"line":3,"column":1}},"line":1}},"branchMap":{},"s":{"0":1,"1":1},"f":{"0":1},"b":{},"_coverageSchema":"1a1c01bbd47fc00a2c39e90264f33305004495a9","hash":"287b3f843a6ba0a64062613fdbda9a1a2d833486"}
,"/home/yunusfirat44/code/yunusfirat/JavaScript/Studying_Jest/sum.js": {"path":"/home/yunusfirat44/code/yunusfirat/JavaScript/Studying_Jest/sum.js","statementMap":{"0":{"start":{"line":2,"column":4},"end":{"line":2,"column":16}},"1":{"start":{"line":5,"column":0},"end":{"line":5,"column":21}}},"fnMap":{"0":{"name":"sum","decl":{"start":{"line":1,"column":9},"end":{"line":1,"column":12}},"loc":{"start":{"line":1,"column":17},"end":{"line":3,"column":1}},"line":1}},"branchMap":{},"s":{"0":1,"1":1},"f":{"0":1},"b":{},"_coverageSchema":"1a1c01bbd47fc00a2c39e90264f33305004495a9","hash":"ab4f12d89dda63a51c4d0120c7d73cac3546367e"}
}
